<?xml version="1.0" encoding="UTF-8"?>
<testsuite xmlns:xsi="http://www.w3.org/2001/XMLSchema-instance" xsi:noNamespaceSchemaLocation="https://maven.apache.org/surefire/maven-surefire-plugin/xsd/surefire-test-report.xsd" version="3.0.2" name="com.xiandou.controller.SeckillRealTest" time="10.673" tests="7" errors="0" skipped="0" failures="0">
  <properties>
[...]
</properties>
  <testcase name="concurrentFlashSaleNoOversell" classname="com.xiandou.controller.SeckillRealTest" time="0.933">
    <system-out><![CDATA[16:32:30.612 [main] INFO org.springframework.test.context.support.AnnotationConfigContextLoaderUtils -- Could not detect default configuration classes for test class [com.xiandou.controller.SeckillRealTest]: SeckillRealTest does not declare any static, non-private, non-final, nested classes annotated with @Configuration.
16:32:30.898 [main] INFO org.springframework.boot.test.context.SpringBootTestContextBootstrapper -- Found @SpringBootConfiguration com.xiandou.XiandouApplication for test class com.xiandou.controller.SeckillRealTest

  .   ____          _            __ _ _
 /\\ / ___'_ __ _ _(_)_ __  __ _ \ \ \ \
( ( )\___ | '_ | '_| | '_ \/ _` | \ \ \ \
 \\/  ___)| |_)| | | | | || (_| |  ) ) ) )
  '  |____| .__|_| |_|_| |_\__, | / / / /
 =========|_|==============|___/=/_/_/_/

 :: Spring Boot ::                (v3.4.1)

2026-06-28T16:32:31.821+08:00  INFO 14852 --- [           main] com.xiandou.controller.SeckillRealTest   : Starting SeckillRealTest using Java 21.0.11 with PID 14852 (started by 1 in E:\yhb\projects\aicodetest-web\springboot-short)
2026-06-28T16:32:31.825+08:00  INFO 14852 --- [           main] com.xiandou.controller.SeckillRealTest   : No active profile set, falling back to 1 default profile: "default"
2026-06-28T16:32:33.705+08:00  INFO 14852 --- [           main] .s.d.r.c.RepositoryConfigurationDelegate : Multiple Spring Data modules found, entering strict repository configuration mode
2026-06-28T16:32:33.709+08:00  INFO 14852 --- [           main] .s.d.r.c.RepositoryConfigurationDelegate : Bootstrapping Spring Data Redis repositories in DEFAULT mode.
2026-06-28T16:32:33.748+08:00  INFO 14852 --- [           main] .s.d.r.c.RepositoryConfigurationDelegate : Finished Spring Data repository scanning in 14 ms. Found 0 Redis repository interfaces.
2026-06-28T16:32:34.862+08:00  INFO 14852 --- [           main] o.s.b.w.embedded.tomcat.TomcatWebServer  : Tomcat initialized with port 0 (http)
2026-06-28T16:32:34.892+08:00  INFO 14852 --- [           main] o.apache.catalina.core.StandardService   : Starting service [Tomcat]
2026-06-28T16:32:34.893+08:00  INFO 14852 --- [           main] o.apache.catalina.core.StandardEngine    : Starting Servlet engine: [Apache Tomcat/10.1.34]
2026-06-28T16:32:34.928+08:00  INFO 14852 --- [           main] o.apache.catalina.loader.WebappLoader    : Unknown class loader [jdk.internal.loader.ClassLoaders$PlatformClassLoader@27c0b110] of class [class jdk.internal.loader.ClassLoaders$PlatformClassLoader]
2026-06-28T16:32:34.971+08:00  INFO 14852 --- [           main] o.a.c.c.C.[Tomcat].[localhost].[/]       : Initializing Spring embedded WebApplicationContext
2026-06-28T16:32:34.973+08:00  INFO 14852 --- [           main] w.s.c.ServletWebServerApplicationContext : Root WebApplicationContext: initialization completed in 3116 ms
2026-06-28T16:32:35.357+08:00  INFO 14852 --- [           main] com.zaxxer.hikari.HikariDataSource       : HikariPool-1 - Starting...
2026-06-28T16:32:35.658+08:00  INFO 14852 --- [           main] com.zaxxer.hikari.pool.HikariPool        : HikariPool-1 - Added connection conn0: url=jdbc:h2:mem:seckill user=SA
2026-06-28T16:32:35.660+08:00  INFO 14852 --- [           main] com.zaxxer.hikari.HikariDataSource       : HikariPool-1 - Start completed.
 _ _   |_  _ _|_. ___ _ |    _ 
| | |\/|_)(_| | |_\  |_)||_|_\ 
     /               |         
                        3.5.9 
2026-06-28T16:32:36.863+08:00  INFO 14852 --- [           main] c.x.redis.config.RedisUtilInitializer    : RedisLockUtil 已初始化，distributedLock=com.xiandou.redis.core.DistributedLock@71de8be0
2026-06-28T16:32:37.895+08:00  INFO 14852 --- [           main] o.s.b.a.e.web.EndpointLinksResolver      : Exposing 1 endpoint beneath base path '/actuator'
2026-06-28T16:32:38.323+08:00  INFO 14852 --- [           main] o.s.b.w.embedded.tomcat.TomcatWebServer  : Tomcat started on port 64384 (http) with context path '/'
2026-06-28T16:32:38.343+08:00  INFO 14852 --- [           main] com.xiandou.controller.SeckillRealTest   : Started SeckillRealTest in 7.18 seconds (process running for 18.322)
]]></system-out>
    <system-err><![CDATA[Mockito is currently self-attaching to enable the inline-mock-maker. This will no longer work in future releases of the JDK. Please add Mockito as an agent to your build what is described in Mockito's documentation: https://javadoc.io/doc/org.mockito/mockito-core/latest/org/mockito/Mockito.html#0.3
WARNING: A Java agent has been loaded dynamically (E:\yhb\softwares\maven-repository\net\bytebuddy\byte-buddy-agent\1.15.11\byte-buddy-agent-1.15.11.jar)
WARNING: If a serviceability tool is in use, please run with -XX:+EnableDynamicAgentLoading to hide this warning
WARNING: If a serviceability tool is not in use, please run with -Djdk.instrument.traceUsage for more information
WARNING: Dynamic loading of agents will be disallowed by default in a future release
]]></system-err>
  </testcase>
  <testcase name="detailReturnsActivityInfo" classname="com.xiandou.controller.SeckillRealTest" time="0.356">
    <system-out><![CDATA[2026-06-28T16:32:40.624+08:00  INFO 14852 --- [o-auto-1-exec-1] o.a.c.c.C.[Tomcat].[localhost].[/]       : Initializing Spring DispatcherServlet 'dispatcherServlet'
2026-06-28T16:32:40.625+08:00  INFO 14852 --- [o-auto-1-exec-1] o.s.web.servlet.DispatcherServlet        : Initializing Servlet 'dispatcherServlet'
2026-06-28T16:32:40.627+08:00  INFO 14852 --- [o-auto-1-exec-1] o.s.web.servlet.DispatcherServlet        : Completed initialization in 2 ms
]]></system-out>
  </testcase>
  <testcase name="flashSaleActivityNotFound" classname="com.xiandou.controller.SeckillRealTest" time="0.034"/>
  <testcase name="flashSaleDuplicateReturnsFail" classname="com.xiandou.controller.SeckillRealTest" time="0.101"/>
  <testcase name="flashSaleStockOut" classname="com.xiandou.controller.SeckillRealTest" time="0.028"/>
  <testcase name="flashSaleSuccess" classname="com.xiandou.controller.SeckillRealTest" time="0.029"/>
  <testcase name="listReturnsActiveActivities" classname="com.xiandou.controller.SeckillRealTest" time="0.022"/>
</testsuite>